#
# A fatal error has been detected by the Java Runtime Environment:
#
#  SIGSEGV (0xb) at pc=0x00007ffa2c3317ec, pid=27483, tid=0x0000000000000103
#
# JRE version: Java(TM) SE Runtime Environment (8.0_321-b07) (build 1.8.0_321-b07)
# Java VM: Java HotSpot(TM) 64-Bit Server VM (25.321-b07 mixed mode bsd-amd64 compressed oops)
# Problematic frame:
# C  [JavaNativeFoundation+0x97ec]  -[JNFWeakJObjectWrapper _getWithEnv:]+0x2b
#
# Failed to write core dump. Core dumps have been disabled. To enable core dumping, try "ulimit -c unlimited" before starting Java again
#
# If you would like to submit a bug report, please visit:
#   http://bugreport.java.com/bugreport/crash.jsp
#

---------------  T H R E A D  ---------------

Current thread is native thread

siginfo: si_signo: 11 (SIGSEGV), si_code: 1 (SEGV_MAPERR), si_addr: 0x4093cbf0000000c0

Registers:
RAX=0x4093cbf000000000, RBX=0x00007fad299b6200, RCX=0x00000002008a0600, RDX=0x0000000000000000
RSP=0x0000000304dc5e10, RBP=0x0000000304dc5e30, RSI=0x00007fad08f069f1, RDI=0x00007fad299b6200
R8 =0x0000000000000000, R9 =0x0000000000000000, R10=0x00007ffa51bc1dc0, R11=0x00007ffa2c331772
R12=0x00007fad29040000, R13=0x0000600003167780, R14=0x000060000261e560, R15=0x00007fad08f069f1
RIP=0x00007ffa2c3317ec, EFLAGS=0x0000000000000246, ERR=0x0000000000000004
  TRAPNO=0x000000000000000e

Top of Stack: (sp=0x0000000304dc5e10)
0x0000000304dc5e10:   000060000261e560 00007fad299b6200
0x0000000304dc5e20:   00007ff80e268700 0000600000ad5880
0x0000000304dc5e30:   0000000304dc5e50 00007ffa2c331606
0x0000000304dc5e40:   000060000261e560 00007fad299b6200
0x0000000304dc5e50:   0000000304dc5eb0 000000012d43c8fe
0x0000000304dc5e60:   00007fad29040000 00007fad29040000
0x0000000304dc5e70:   000060000070f660 0000000000000000
0x0000000304dc5e80:   411ca5edf62ad129 00007ff80e268700
0x0000000304dc5e90:   000060000070f660 0000600003167780
0x0000000304dc5ea0:   0000600003167780 00007facd8f09a30
0x0000000304dc5eb0:   0000000304dc5f70 00007ff815a7625b
0x0000000304dc5ec0:   0000600002483060 0000000000000000
0x0000000304dc5ed0:   0000600003167780 0000000000000000
0x0000000304dc5ee0:   0000000403167780 0000600002605920
0x0000000304dc5ef0:   411ca5edf62ad129 0000000000000000
0x0000000304dc5f00:   0000047800000708 0000600000022e20
0x0000000304dc5f10:   0000000000000004 0000000000000000
0x0000000304dc5f20:   0000000000000000 0000000304dc5f48
0x0000000304dc5f30:   0000000300000000 00007ff8159f60f6
0x0000000304dc5f40:   73a022378ca900f5 00007ff80e268700
0x0000000304dc5f50:   0000000000000004 0000000000000000
0x0000000304dc5f60:   0000600003167780 00007ff828bc7d2f
0x0000000304dc5f70:   0000000304dc5ff0 00007ff815a758a0
0x0000000304dc5f80:   00007fad09c081e0 4081e00000000000
0x0000000304dc5f90:   408c200000000000 4000000000000000
0x0000000304dc5fa0:   0000000000000000 0000000000000000
0x0000000304dc5fb0:   408c200000000000 4081e00000000000
0x0000000304dc5fc0:   73a022378ca900f5 0000000304dc60c0
0x0000000304dc5fd0:   00007facd8f04e10 00007facd8f04c90
0x0000000304dc5fe0:   00007ff828c44c81 00007fad29227000
0x0000000304dc5ff0:   0000000304dc70c0 00007ff8159d58db
0x0000000304dc6000:   0000000000000000 00007ff8159d5755 

Instructions: (pc=0x00007ffa2c3317ec)
0x00007ffa2c3317cc:   89 d3 49 89 fe 48 8b 35 50 00 89 25 ff 15 ea 7e
0x00007ffa2c3317dc:   6e 23 49 89 c7 48 8b 03 48 89 df 4c 89 fe 31 d2
0x00007ffa2c3317ec:   ff 90 c0 00 00 00 3c 01 75 15 48 8b 35 8b 00 89
0x00007ffa2c3317fc:   25 45 31 ff 4c 89 f7 31 d2 ff 15 bd 7e 6e 23 4c 

Register to memory mapping:

RAX=0x4093cbf000000000 is an unknown value
RBX=0x00007fad299b6200 is an unknown value
RCX=0x00000002008a0600 is an unknown value
RDX=0x0000000000000000 is an unknown value
RSP=0x0000000304dc5e10 is an unknown value
RBP=0x0000000304dc5e30 is an unknown value
RSI=0x00007fad08f069f1 is a weak global jni handle
RDI=0x00007fad299b6200 is an unknown value
R8 =0x0000000000000000 is an unknown value
R9 =0x0000000000000000 is an unknown value
R10=0x00007ffa51bc1dc0: OBJC_CLASS_$_JNFWeakJObjectWrapper+0 in /System/Library/Frameworks/JavaNativeFoundation.framework/Versions/A/JavaNativeFoundation at 0x00007ffa2c328000
R11=0x00007ffa2c331772: -[JNFJObjectWrapper jObject]+0 in /System/Library/Frameworks/JavaNativeFoundation.framework/Versions/A/JavaNativeFoundation at 0x00007ffa2c328000
R12=0x00007fad29040000 is an unknown value
R13=0x0000600003167780 is an unknown value
R14=0x000060000261e560 is an unknown value
R15=0x00007fad08f069f1 is a weak global jni handle


Stack: [0x00000003045ca000,0x0000000304dca000],  sp=0x0000000304dc5e10,  free space=8175k
Native frames: (J=compiled Java code, j=interpreted, Vv=VM code, C=native code)
C  [JavaNativeFoundation+0x97ec]  -[JNFWeakJObjectWrapper _getWithEnv:]+0x2b
C  [JavaNativeFoundation+0x9606]  -[JNFJObjectWrapper jObjectWithEnv:]+0x16
C  [libawt_lwawt.dylib+0x1d8fe]  -[CGLLayer drawInCGLContext:pixelFormat:forLayerTime:displayTime:]+0x104
C  [QuartzCore+0xc125b]  _ZL17CAOpenGLLayerDrawP13CAOpenGLLayerdPK11CVTimeStampj+0x7dd
C  [QuartzCore+0xc08a0]  -[CAOpenGLLayer _display]+0x249
C  [QuartzCore+0x208db]  _ZN2CA5Layer17display_if_neededEPNS_11TransactionE+0x369
C  [QuartzCore+0x1773ce]  _ZN2CA7Context18commit_transactionEPNS_11TransactionEdPd+0x280
C  [QuartzCore+0x1f51]  _ZN2CA11Transaction6commitEv+0x309
C  [QuartzCore+0x1ac736]  _ZN2CA11Transaction25flush_as_runloop_observerEb+0x80
C  [CoreFoundation+0x7e705]  __CFRUNLOOP_IS_CALLING_OUT_TO_AN_OBSERVER_CALLBACK_FUNCTION__+0x17
C  [CoreFoundation+0x7e59a]  __CFRunLoopDoObservers+0x21f
C  [CoreFoundation+0x7db3f]  __CFRunLoopRun+0x46b
C  [CoreFoundation+0x7d014]  CFRunLoopRunSpecific+0x232
C  [java+0x58cc]  CreateExecutionEnvironment+0x36b
C  [java+0x1ec6]  JLI_Launch+0x756
C  [java+0x81ea]  main+0x44
C  0x000000020082551e


---------------  P R O C E S S  ---------------

VM state:not at safepoint (normal execution)

VM Mutex/Monitor currently owned by a thread:  ([mutex/lock_event])
[0x0000600000a35880] CompiledIC_lock - owner thread: 0x00007fad2a809800

heap address: 0x00000006c0000000, size: 4096 MB, Compressed Oops mode: Zero based, Oop shift amount: 3
Narrow klass base: 0x0000000000000000, Narrow klass shift: 3
Compressed class space size: 1073741824 Address: 0x00000007c0000000

Heap:
 PSYoungGen      total 76288K, used 13020K [0x000000076ab00000, 0x0000000774000000, 0x00000007c0000000)
  eden space 65536K, 19% used [0x000000076ab00000,0x000000076b7b7118,0x000000076eb00000)
  from space 10752K, 0% used [0x000000076eb00000,0x000000076eb00000,0x000000076f580000)
  to   space 10752K, 0% used [0x0000000773580000,0x0000000773580000,0x0000000774000000)
 ParOldGen       total 104960K, used 9531K [0x00000006c0000000, 0x00000006c6680000, 0x000000076ab00000)
  object space 104960K, 9% used [0x00000006c0000000,0x00000006c094ed60,0x00000006c6680000)
 Metaspace       used 28248K, capacity 29246K, committed 29568K, reserved 1075200K
  class space    used 3867K, capacity 4130K, committed 4224K, reserved 1048576K

Card table byte_map: [0x000000010907a000,0x000000010987b000] byte_map_base: 0x0000000105a7a000

Marking Bits: (ParMarkBitMap*) 0x000000010a0822e8
 Begin Bits: [0x000000011ac98000, 0x000000011ec98000)
 End Bits:   [0x000000011ec98000, 0x0000000122c98000)

Polling page: 0x0000000108b99000

CodeCache: size=245760Kb used=7188Kb max_used=7220Kb free=238571Kb
 bounds [0x000000010b742000, 0x000000010be52000, 0x000000011a742000]
 total_blobs=3183 nmethods=2274 adapters=823
 compilation: enabled

Compilation events (10 events):
Event: 6.499 Thread 0x00007fad2a809800 2290       3       java.awt.geom.Rectangle2D::<init> (5 bytes)
Event: 6.499 Thread 0x00007fad2a809800 nmethod 2290 0x000000010b843690 code [0x000000010b843800, 0x000000010b843a10]
Event: 6.500 Thread 0x00007fad2a809800 2294       3       java.util.concurrent.locks.ReentrantReadWriteLock$Sync::exclusiveCount (5 bytes)
Event: 6.500 Thread 0x00007fad2a809800 nmethod 2294 0x000000010b8893d0 code [0x000000010b889520, 0x000000010b889650]
Event: 6.501 Thread 0x00007fad2a809800 2291       3       java.awt.geom.RectangularShape::<init> (5 bytes)
Event: 6.501 Thread 0x00007fad2a809800 nmethod 2291 0x000000010b85f450 code [0x000000010b85f5c0, 0x000000010b85f770]
Event: 6.502 Thread 0x00007fad2a809800 2295       3       java.util.concurrent.locks.AbstractQueuedSynchronizer::releaseShared (16 bytes)
Event: 6.502 Thread 0x00007fad2a809800 nmethod 2295 0x000000010b911050 code [0x000000010b9111e0, 0x000000010b911478]
Event: 6.502 Thread 0x00007fad2a809800 2293       3       sun.java2d.pipe.RenderBuffer::putInt (26 bytes)
Event: 6.502 Thread 0x00007fad2a809800 nmethod 2293 0x000000010b845b50 code [0x000000010b845cc0, 0x000000010b845e30]

GC Heap History (4 events):
Event: 1.692 GC heap before
{Heap before GC invocations=1 (full 0):
 PSYoungGen      total 76288K, used 60810K [0x000000076ab00000, 0x0000000770000000, 0x00000007c0000000)
  eden space 65536K, 92% used [0x000000076ab00000,0x000000076e662a98,0x000000076eb00000)
  from space 10752K, 0% used [0x000000076f580000,0x000000076f580000,0x0000000770000000)
  to   space 10752K, 0% used [0x000000076eb00000,0x000000076eb00000,0x000000076f580000)
 ParOldGen       total 175104K, used 0K [0x00000006c0000000, 0x00000006cab00000, 0x000000076ab00000)
  object space 175104K, 0% used [0x00000006c0000000,0x00000006c0000000,0x00000006cab00000)
 Metaspace       used 20588K, capacity 21260K, committed 21296K, reserved 1067008K
  class space    used 2711K, capacity 2910K, committed 2944K, reserved 1048576K
Event: 1.714 GC heap after
Heap after GC invocations=1 (full 0):
 PSYoungGen      total 76288K, used 9870K [0x000000076ab00000, 0x0000000774000000, 0x00000007c0000000)
  eden space 65536K, 0% used [0x000000076ab00000,0x000000076ab00000,0x000000076eb00000)
  from space 10752K, 91% used [0x000000076eb00000,0x000000076f4a3888,0x000000076f580000)
  to   space 10752K, 0% used [0x0000000773580000,0x0000000773580000,0x0000000774000000)
 ParOldGen       total 175104K, used 8K [0x00000006c0000000, 0x00000006cab00000, 0x000000076ab00000)
  object space 175104K, 0% used [0x00000006c0000000,0x00000006c0002000,0x00000006cab00000)
 Metaspace       used 20588K, capacity 21260K, committed 21296K, reserved 1067008K
  class space    used 2711K, capacity 2910K, committed 2944K, reserved 1048576K
}
Event: 1.714 GC heap before
{Heap before GC invocations=2 (full 1):
 PSYoungGen      total 76288K, used 9870K [0x000000076ab00000, 0x0000000774000000, 0x00000007c0000000)
  eden space 65536K, 0% used [0x000000076ab00000,0x000000076ab00000,0x000000076eb00000)
  from space 10752K, 91% used [0x000000076eb00000,0x000000076f4a3888,0x000000076f580000)
  to   space 10752K, 0% used [0x0000000773580000,0x0000000773580000,0x0000000774000000)
 ParOldGen       total 175104K, used 8K [0x00000006c0000000, 0x00000006cab00000, 0x000000076ab00000)
  object space 175104K, 0% used [0x00000006c0000000,0x00000006c0002000,0x00000006cab00000)
 Metaspace       used 20588K, capacity 21260K, committed 21296K, reserved 1067008K
  class space    used 2711K, capacity 2910K, committed 2944K, reserved 1048576K
Event: 1.732 GC heap after
Heap after GC invocations=2 (full 1):
 PSYoungGen      total 76288K, used 0K [0x000000076ab00000, 0x0000000774000000, 0x00000007c0000000)
  eden space 65536K, 0% used [0x000000076ab00000,0x000000076ab00000,0x000000076eb00000)
  from space 10752K, 0% used [0x000000076eb00000,0x000000076eb00000,0x000000076f580000)
  to   space 10752K, 0% used [0x0000000773580000,0x0000000773580000,0x0000000774000000)
 ParOldGen       total 104960K, used 9531K [0x00000006c0000000, 0x00000006c6680000, 0x000000076ab00000)
  object space 104960K, 9% used [0x00000006c0000000,0x00000006c094ed60,0x00000006c6680000)
 Metaspace       used 20588K, capacity 21260K, committed 21296K, reserved 1067008K
  class space    used 2711K, capacity 2910K, committed 2944K, reserved 1048576K
}

Deoptimization events (10 events):
Event: 1.599 Thread 0x00007fad299b6000 Uncommon trap: reason=class_check action=maybe_recompile pc=0x000000010bc3eec4 method=java.io.DataInputStream.readShort()S @ 4
Event: 1.599 Thread 0x00007fad299b6000 Uncommon trap: reason=class_check action=maybe_recompile pc=0x000000010bc3eec4 method=java.io.DataInputStream.readShort()S @ 4
Event: 1.603 Thread 0x00007fad299b6000 Uncommon trap: reason=class_check action=maybe_recompile pc=0x000000010b85ef58 method=java.lang.String.equals(Ljava/lang/Object;)Z @ 8
Event: 1.603 Thread 0x00007fad299b6000 Uncommon trap: reason=class_check action=maybe_recompile pc=0x000000010b85ef58 method=java.lang.String.equals(Ljava/lang/Object;)Z @ 8
Event: 1.603 Thread 0x00007fad299b6000 Uncommon trap: reason=class_check action=maybe_recompile pc=0x000000010b85ef58 method=java.lang.String.equals(Ljava/lang/Object;)Z @ 8
Event: 1.628 Thread 0x00007fad299b6000 Uncommon trap: reason=class_check action=maybe_recompile pc=0x000000010b85ef58 method=java.lang.String.equals(Ljava/lang/Object;)Z @ 8
Event: 1.672 Thread 0x00007fad299b6000 Uncommon trap: reason=unstable_if action=reinterpret pc=0x000000010bc8877c method=java.lang.ClassLoader.checkName(Ljava/lang/String;)Z @ 20
Event: 1.885 Thread 0x00007fad299b6000 Uncommon trap: reason=unstable_if action=reinterpret pc=0x000000010ba33724 method=jdk.internal.org.objectweb.asm.Type.getArgumentsAndReturnSizes(Ljava/lang/String;)I @ 47
Event: 5.151 Thread 0x00007fad299b6000 Uncommon trap: reason=predicate action=maybe_recompile pc=0x000000010bcc2efc method=java.lang.String.regionMatches(ZILjava/lang/String;II)Z @ 63
Event: 5.162 Thread 0x00007fad299b6000 Uncommon trap: reason=unstable_if action=reinterpret pc=0x000000010bccf500 method=java.util.concurrent.ConcurrentHashMap.putVal(Ljava/lang/Object;Ljava/lang/Object;Z)Ljava/lang/Object; @ 181

Classes redefined (0 events):
No events

Internal exceptions (10 events):
Event: 0.161 Thread 0x00007fad2980f000 Exception <a 'java/security/PrivilegedActionException'> (0x000000076ae57148) thrown at [/System/Volumes/Data/jenkins/workspace/8-2-build-macosx-x86_64/jdk8u321/2141/hotspot/src/share/vm/prims/jvm.cpp, line 1523]
Event: 0.162 Thread 0x00007fad2980f000 Exception <a 'java/security/PrivilegedActionException'> (0x000000076ae5a478) thrown at [/System/Volumes/Data/jenkins/workspace/8-2-build-macosx-x86_64/jdk8u321/2141/hotspot/src/share/vm/prims/jvm.cpp, line 1523]
Event: 0.162 Thread 0x00007fad2980f000 Exception <a 'java/security/PrivilegedActionException'> (0x000000076ae5a688) thrown at [/System/Volumes/Data/jenkins/workspace/8-2-build-macosx-x86_64/jdk8u321/2141/hotspot/src/share/vm/prims/jvm.cpp, line 1523]
Event: 0.162 Thread 0x00007fad2980f000 Exception <a 'java/lang/NullPointerException'> (0x000000076ae5ac60) thrown at [/System/Volumes/Data/jenkins/workspace/8-2-build-macosx-x86_64/jdk8u321/2141/hotspot/src/share/vm/interpreter/linkResolver.cpp, line 1185]
Event: 1.299 Thread 0x00007fad299b6000 Exception <a 'java/lang/NullPointerException'> (0x000000076d8163a0) thrown at [/System/Volumes/Data/jenkins/workspace/8-2-build-macosx-x86_64/jdk8u321/2141/hotspot/src/share/vm/interpreter/linkResolver.cpp, line 1185]
Event: 1.299 Thread 0x00007fad299b6000 Exception <a 'java/lang/NullPointerException'> (0x000000076d8163a0) thrown at [/System/Volumes/Data/jenkins/workspace/8-2-build-macosx-x86_64/jdk8u321/2141/hotspot/src/share/vm/prims/jvm.cpp, line 1527]
Event: 1.524 Thread 0x00007fad299b6000 Implicit null exception at 0x000000010bb15518 to 0x000000010bb155a6
Event: 5.097 Thread 0x00007fad299b6000 Exception <a 'java/io/FileNotFoundException'> (0x000000076b2809b8) thrown at [/System/Volumes/Data/jenkins/workspace/8-2-build-macosx-x86_64/jdk8u321/2141/hotspot/src/share/vm/prims/jni.cpp, line 710]
Event: 5.097 Thread 0x00007fad299b6000 Exception <a 'java/io/FileNotFoundException'> (0x000000076b281720) thrown at [/System/Volumes/Data/jenkins/workspace/8-2-build-macosx-x86_64/jdk8u321/2141/hotspot/src/share/vm/prims/jni.cpp, line 710]
Event: 5.106 Thread 0x00007fad299b6000 Exception <a 'java/io/FileNotFoundException'> (0x000000076b2904e0) thrown at [/System/Volumes/Data/jenkins/workspace/8-2-build-macosx-x86_64/jdk8u321/2141/hotspot/src/share/vm/prims/jni.cpp, line 710]

Events (10 events):
Event: 6.499 Executing VM operation: RevokeBias done
Event: 6.499 Thread 0x00007fad2a809800 flushing nmethod 0x000000010b911050
Event: 6.499 Executing VM operation: RevokeBias
Event: 6.499 Executing VM operation: RevokeBias done
Event: 6.500 Executing VM operation: RevokeBias
Event: 6.500 Executing VM operation: RevokeBias done
Event: 6.505 Executing VM operation: RevokeBias
Event: 6.505 Executing VM operation: RevokeBias done
Event: 6.505 loading class sun/lwawt/macosx/CCustomCursor
Event: 6.505 loading class sun/lwawt/macosx/CCustomCursor done


Dynamic libraries:
0x00007ff8256e4000 	/System/Library/Frameworks/Cocoa.framework/Versions/A/Cocoa
0x00007ff810dd0000 	/System/Library/Frameworks/AppKit.framework/Versions/C/AppKit
0x00007ff814341000 	/System/Library/Frameworks/CoreData.framework/Versions/A/CoreData
0x00007ff80f1d4000 	/System/Library/Frameworks/Foundation.framework/Versions/C/Foundation
0x00007ff8195bb000 	/usr/lib/libSystem.B.dylib
0x00007ff811c5f000 	/System/Library/PrivateFrameworks/UIFoundation.framework/Versions/A/UIFoundation
0x00007ff81f5e8000 	/System/Library/PrivateFrameworks/RemoteViewServices.framework/Versions/A/RemoteViewServices
0x00007ff817887000 	/System/Library/PrivateFrameworks/XCTTargetBootstrap.framework/Versions/A/XCTTargetBootstrap
0x00007ff81b480000 	/System/Library/PrivateFrameworks/InternationalSupport.framework/Versions/A/InternationalSupport
0x00007ff81b50a000 	/System/Library/PrivateFrameworks/UserActivity.framework/Versions/A/UserActivity
0x00007ff81a864000 	/usr/lib/libspindump.dylib
0x00007ff811eed000 	/System/Library/Frameworks/UniformTypeIdentifiers.framework/Versions/A/UniformTypeIdentifiers
0x00007ff815faf000 	/usr/lib/libapp_launch_measurement.dylib
0x00007ff814d22000 	/System/Library/PrivateFrameworks/CoreAnalytics.framework/Versions/A/CoreAnalytics
0x00007ff815fb2000 	/System/Library/PrivateFrameworks/CoreAutoLayout.framework/Versions/A/CoreAutoLayout
0x00007ff8171e1000 	/System/Library/Frameworks/Metal.framework/Versions/A/Metal
0x00007ff817f0d000 	/usr/lib/liblangid.dylib
0x00007ff81788c000 	/System/Library/PrivateFrameworks/CoreSVG.framework/Versions/A/CoreSVG
0x00007ff8132d8000 	/System/Library/PrivateFrameworks/SkyLight.framework/Versions/A/SkyLight
0x00007ff813676000 	/System/Library/Frameworks/CoreGraphics.framework/Versions/A/CoreGraphics
0x00007ff81fca8000 	/System/Library/Frameworks/Accelerate.framework/Versions/A/Accelerate
0x00007ff81a2e3000 	/System/Library/PrivateFrameworks/IconServices.framework/Versions/A/IconServices
0x00007ff8171c6000 	/System/Library/Frameworks/IOSurface.framework/Versions/A/IOSurface
0x00007ff814d50000 	/usr/lib/libDiagnosticMessagesClient.dylib
0x00007ff8194d5000 	/usr/lib/libz.1.dylib
0x00007ff823388000 	/System/Library/Frameworks/ApplicationServices.framework/Versions/A/ApplicationServices
0x00007ff817873000 	/System/Library/PrivateFrameworks/DFRFoundation.framework/Versions/A/DFRFoundation
0x00007ff8106b8000 	/usr/lib/libicucore.A.dylib
0x00007ff81c275000 	/System/Library/Frameworks/AudioToolbox.framework/Versions/A/AudioToolbox
0x00007ff81b48c000 	/System/Library/PrivateFrameworks/DataDetectorsCore.framework/Versions/A/DataDetectorsCore
0x00007ff917584000 	/System/Library/PrivateFrameworks/TextInput.framework/Versions/A/TextInput
0x00007ff81325b000 	/usr/lib/libMobileGestalt.dylib
0x00007ff81757f000 	/System/Library/Frameworks/Carbon.framework/Versions/A/Frameworks/HIToolbox.framework/Versions/A/HIToolbox
0x00007ff8159b5000 	/System/Library/Frameworks/QuartzCore.framework/Versions/A/QuartzCore
0x00007ff81035d000 	/System/Library/Frameworks/Security.framework/Versions/A/Security
0x00007ff81f620000 	/System/Library/Frameworks/Carbon.framework/Versions/A/Frameworks/SpeechRecognition.framework/Versions/A/SpeechRecognition
0x00007ff815d0f000 	/System/Library/PrivateFrameworks/CoreUI.framework/Versions/A/CoreUI
0x00007ff80fc28000 	/System/Library/Frameworks/CoreAudio.framework/Versions/A/CoreAudio
0x00007ff814e3f000 	/System/Library/Frameworks/DiskArbitration.framework/Versions/A/DiskArbitration
0x00007ff81ac50000 	/System/Library/PrivateFrameworks/MultitouchSupport.framework/Versions/A/MultitouchSupport
0x00007ff81325a000 	/usr/lib/libenergytrace.dylib
0x00007ff810cbc000 	/System/Library/Frameworks/IOKit.framework/Versions/A/IOKit
0x00007ff81fa10000 	/System/Library/Frameworks/CoreServices.framework/Versions/A/CoreServices
0x00007ff815f49000 	/System/Library/PrivateFrameworks/PerformanceAnalysis.framework/Versions/A/PerformanceAnalysis
0x00007ffa271b5000 	/System/Library/Frameworks/OpenGL.framework/Versions/A/OpenGL
0x00007ff818af1000 	/System/Library/PrivateFrameworks/MobileKeyBag.framework/Versions/A/MobileKeyBag
0x00007ff80e262000 	/usr/lib/libobjc.A.dylib
0x00007ff813da0000 	/System/Library/Frameworks/ColorSync.framework/Versions/A/ColorSync
0x00007ff80e41c000 	/System/Library/Frameworks/CoreFoundation.framework/Versions/A/CoreFoundation
0x00007ff817b03000 	/System/Library/Frameworks/CoreImage.framework/Versions/A/CoreImage
0x00007ff80fa3c000 	/System/Library/Frameworks/CoreText.framework/Versions/A/CoreText
0x00007ff8178bc000 	/System/Library/Frameworks/ImageIO.framework/Versions/A/ImageIO
0x00007ff8195c1000 	/System/Library/PrivateFrameworks/SoftLinking.framework/Versions/A/SoftLinking
0x00007ff815ffa000 	/usr/lib/libxml2.2.dylib
0x00007ff80e328000 	/usr/lib/libc++.1.dylib
0x00007ff819842000 	/usr/lib/libcompression.dylib
0x00007ff81b3b3000 	/System/Library/PrivateFrameworks/TextureIO.framework/Versions/A/TextureIO
0x00007ff819f5c000 	/usr/lib/libate.dylib
0x00007ff8195b6000 	/usr/lib/system/libcache.dylib
0x00007ff819572000 	/usr/lib/system/libcommonCrypto.dylib
0x00007ff81959b000 	/usr/lib/system/libcompiler_rt.dylib
0x00007ff819591000 	/usr/lib/system/libcopyfile.dylib
0x00007ff80e15d000 	/usr/lib/system/libcorecrypto.dylib
0x00007ff80e21b000 	/usr/lib/system/libdispatch.dylib
0x00007ff80e3db000 	/usr/lib/system/libdyld.dylib
0x00007ff8195ad000 	/usr/lib/system/libkeymgr.dylib
0x00007ff819550000 	/usr/lib/system/libmacho.dylib
0x00007ff818bcb000 	/usr/lib/system/libquarantine.dylib
0x00007ff8195ab000 	/usr/lib/system/libremovefile.dylib
0x00007ff8132a8000 	/usr/lib/system/libsystem_asl.dylib
0x00007ff80e106000 	/usr/lib/system/libsystem_blocks.dylib
0x00007ff80e29f000 	/usr/lib/system/libsystem_c.dylib
0x00007ff8195a3000 	/usr/lib/system/libsystem_collections.dylib
0x00007ff817efd000 	/usr/lib/system/libsystem_configuration.dylib
0x00007ff8171a9000 	/usr/lib/system/libsystem_containermanager.dylib
0x00007ff819282000 	/usr/lib/system/libsystem_coreservices.dylib
0x00007ff81094c000 	/usr/lib/system/libsystem_darwin.dylib
0x00007ff8195ae000 	/usr/lib/system/libsystem_dnssd.dylib
0x00007ff80e29c000 	/usr/lib/system/libsystem_featureflags.dylib
0x00007ff80e3f1000 	/usr/lib/system/libsystem_info.dylib
0x00007ff8194e8000 	/usr/lib/system/libsystem_m.dylib
0x00007ff80e1ef000 	/usr/lib/system/libsystem_malloc.dylib
0x00007ff813243000 	/usr/lib/system/libsystem_networkextension.dylib
0x00007ff810d72000 	/usr/lib/system/libsystem_notify.dylib
0x00007ff81f8e5000 	/usr/lib/system/libsystem_product_info_filter.dylib
0x00007ff817f01000 	/usr/lib/system/libsystem_sandbox.dylib
0x00007ff8195a8000 	/usr/lib/system/libsystem_secinit.dylib
0x00007ff80e397000 	/usr/lib/system/libsystem_kernel.dylib
0x00007ff80e3e7000 	/usr/lib/system/libsystem_platform.dylib
0x00007ff80e3cf000 	/usr/lib/system/libsystem_pthread.dylib
0x00007ff814b62000 	/usr/lib/system/libsystem_symptoms.dylib
0x00007ff80e144000 	/usr/lib/system/libsystem_trace.dylib
0x00007ff81957e000 	/usr/lib/system/libunwind.dylib
0x00007ff80e108000 	/usr/lib/system/libxpc.dylib
0x00007ff80e381000 	/usr/lib/libc++abi.dylib
0x00007ff819589000 	/usr/lib/liboah.dylib
0x00007ff819d1a000 	/usr/lib/liblzma.5.dylib
0x00007ff80eee3000 	/System/Library/Frameworks/SystemConfiguration.framework/Versions/A/SystemConfiguration
0x00007ff8195bd000 	/usr/lib/libfakelink.dylib
0x00007ff812db4000 	/System/Library/Frameworks/CFNetwork.framework/Versions/A/CFNetwork
0x00007ff8196fe000 	/usr/lib/libarchive.2.dylib
0x00007ff817f09000 	/System/Library/PrivateFrameworks/AppleSystemInfo.framework/Versions/A/AppleSystemInfo
0x00007ff818bf2000 	/usr/lib/libbsm.0.dylib
0x00007ff8123c3000 	/usr/lib/libnetwork.dylib
0x00007ff819556000 	/usr/lib/system/libkxld.dylib
0x00007ff818825000 	/System/Library/PrivateFrameworks/IOMobileFramebuffer.framework/Versions/A/IOMobileFramebuffer
0x00007ffb26579000 	/usr/lib/libCoreEntitlements.dylib
0x00007ff819264000 	/System/Library/PrivateFrameworks/AppleFSCompression.framework/Versions/A/AppleFSCompression
0x00007ff818bda000 	/usr/lib/libcoretls.dylib
0x00007ff819d34000 	/usr/lib/libcoretls_cfhelpers.dylib
0x00007ff81983d000 	/usr/lib/libpam.2.dylib
0x00007ff814785000 	/usr/lib/libsqlite3.dylib
0x00007ff819da3000 	/usr/lib/libxar.1.dylib
0x00007ff819274000 	/usr/lib/libbz2.1.0.dylib
0x00007ff8195c2000 	/usr/lib/libpcap.A.dylib
0x00007ff814b5a000 	/usr/lib/libdns_services.dylib
0x00007ff819810000 	/usr/lib/libapple_nghttp2.dylib
0x00007ff8195fc000 	/usr/lib/libiconv.2.dylib
0x00007ff81954f000 	/usr/lib/libcharset.1.dylib
0x00007ff815f7d000 	/System/Library/Frameworks/CoreServices.framework/Versions/A/Frameworks/FSEvents.framework/Versions/A/FSEvents
0x00007ff810956000 	/System/Library/Frameworks/CoreServices.framework/Versions/A/Frameworks/CarbonCore.framework/Versions/A/CarbonCore
0x00007ff814da3000 	/System/Library/Frameworks/CoreServices.framework/Versions/A/Frameworks/Metadata.framework/Versions/A/Metadata
0x00007ff819287000 	/System/Library/Frameworks/CoreServices.framework/Versions/A/Frameworks/OSServices.framework/Versions/A/OSServices
0x00007ff819785000 	/System/Library/Frameworks/CoreServices.framework/Versions/A/Frameworks/SearchKit.framework/Versions/A/SearchKit
0x00007ff814aed000 	/System/Library/Frameworks/CoreServices.framework/Versions/A/Frameworks/AE.framework/Versions/A/AE
0x00007ff80e91d000 	/System/Library/Frameworks/CoreServices.framework/Versions/A/Frameworks/LaunchServices.framework/Versions/A/LaunchServices
0x00007ff819ccb000 	/System/Library/Frameworks/CoreServices.framework/Versions/A/Frameworks/DictionaryServices.framework/Versions/A/DictionaryServices
0x00007ff815f8a000 	/System/Library/Frameworks/CoreServices.framework/Versions/A/Frameworks/SharedFileList.framework/Versions/A/SharedFileList
0x00007ff818bce000 	/usr/lib/libCheckFix.dylib
0x00007ff8132bf000 	/System/Library/PrivateFrameworks/TCC.framework/Versions/A/TCC
0x00007ff817f0f000 	/System/Library/PrivateFrameworks/CoreNLP.framework/Versions/A/CoreNLP
0x00007ff814d53000 	/System/Library/PrivateFrameworks/MetadataUtilities.framework/Versions/A/MetadataUtilities
0x00007ff80ef97000 	/usr/lib/libmecabra.dylib
0x00007ff818c02000 	/usr/lib/libmecab.dylib
0x00007ff80ef62000 	/usr/lib/libCRFSuite.dylib
0x00007ff818c5c000 	/usr/lib/libgermantok.dylib
0x00007ff8197eb000 	/usr/lib/libThaiTokenizer.dylib
0x00007ff814e46000 	/System/Library/Frameworks/Accelerate.framework/Versions/A/Frameworks/vImage.framework/Versions/A/vImage
0x00007ff81f9e7000 	/System/Library/Frameworks/Accelerate.framework/Versions/A/Frameworks/vecLib.framework/Versions/A/vecLib
0x00007ff819de4000 	/System/Library/Frameworks/Accelerate.framework/Versions/A/Frameworks/vecLib.framework/Versions/A/libvMisc.dylib
0x00007ff818624000 	/System/Library/Frameworks/Accelerate.framework/Versions/A/Frameworks/vecLib.framework/Versions/A/libvDSP.dylib
0x00007ff80ec9b000 	/System/Library/Frameworks/Accelerate.framework/Versions/A/Frameworks/vecLib.framework/Versions/A/libBLAS.dylib
0x00007ff819920000 	/System/Library/Frameworks/Accelerate.framework/Versions/A/Frameworks/vecLib.framework/Versions/A/libLAPACK.dylib
0x00007ff818c5f000 	/System/Library/Frameworks/Accelerate.framework/Versions/A/Frameworks/vecLib.framework/Versions/A/libLinearAlgebra.dylib
0x00007ff819828000 	/System/Library/Frameworks/Accelerate.framework/Versions/A/Frameworks/vecLib.framework/Versions/A/libSparseBLAS.dylib
0x00007ff81991a000 	/System/Library/Frameworks/Accelerate.framework/Versions/A/Frameworks/vecLib.framework/Versions/A/libQuadrature.dylib
0x00007ff817ffa000 	/System/Library/Frameworks/Accelerate.framework/Versions/A/Frameworks/vecLib.framework/Versions/A/libBNNS.dylib
0x00007ff80ee6d000 	/System/Library/Frameworks/Accelerate.framework/Versions/A/Frameworks/vecLib.framework/Versions/A/libSparse.dylib
0x00007ff817ff3000 	/System/Library/PrivateFrameworks/LinguisticData.framework/Versions/A/LinguisticData
0x00007ff80ee23000 	/System/Library/PrivateFrameworks/Lexicon.framework/Versions/A/Lexicon
0x00007ff819ddd000 	/usr/lib/libChineseTokenizer.dylib
0x00007ff80f591000 	/System/Library/PrivateFrameworks/LanguageModeling.framework/Versions/A/LanguageModeling
0x00007ff8197ed000 	/System/Library/PrivateFrameworks/AppleSauce.framework/Versions/A/AppleSauce
0x00007ff818813000 	/System/Library/PrivateFrameworks/CoreEmoji.framework/Versions/A/CoreEmoji
0x00007ff8196ed000 	/usr/lib/libcmph.dylib
0x00007ff815f61000 	/System/Library/Frameworks/OpenDirectory.framework/Versions/A/Frameworks/CFOpenDirectory.framework/Versions/A/CFOpenDirectory
0x00007ff815f55000 	/System/Library/Frameworks/OpenDirectory.framework/Versions/A/OpenDirectory
0x00007ff819d36000 	/System/Library/PrivateFrameworks/APFS.framework/Versions/A/APFS
0x00007ff818b29000 	/System/Library/Frameworks/SecurityFoundation.framework/Versions/A/SecurityFoundation
0x00007ff819db1000 	/usr/lib/libutil.dylib
0x00007ff810c80000 	/System/Library/PrivateFrameworks/CoreServicesStore.framework/Versions/A/CoreServicesStore
0x00007ff819db5000 	/usr/lib/libxslt.1.dylib
0x00007ff818bb6000 	/System/Library/PrivateFrameworks/BackgroundTaskManagement.framework/Versions/A/BackgroundTaskManagement
0x00007ff81b2d4000 	/System/Library/Frameworks/ImageIO.framework/Versions/A/Resources/libRadiance.dylib
0x00007ff81b2dd000 	/System/Library/Frameworks/ImageIO.framework/Versions/A/Resources/libJPEG.dylib
0x00007ff81b22f000 	/System/Library/Frameworks/ImageIO.framework/Versions/A/Resources/libPng.dylib
0x00007ff81b250000 	/System/Library/Frameworks/ImageIO.framework/Versions/A/Resources/libTIFF.dylib
0x00007ff81b33c000 	/System/Library/Frameworks/ImageIO.framework/Versions/A/Resources/libGIF.dylib
0x00007ff81ab6c000 	/System/Library/Frameworks/ImageIO.framework/Versions/A/Resources/libJP2.dylib
0x00007ff81a2aa000 	/usr/lib/libexpat.1.dylib
0x00007ff81ab21000 	/System/Library/PrivateFrameworks/AppleJPEG.framework/Versions/A/AppleJPEG
0x00007ff817443000 	/System/Library/PrivateFrameworks/FontServices.framework/libFontParser.dylib
0x00007ff814a97000 	/System/Library/PrivateFrameworks/RunningBoardServices.framework/Versions/A/RunningBoardServices
0x00007ff825c9f000 	/System/Library/PrivateFrameworks/IOSurfaceAccelerator.framework/Versions/A/IOSurfaceAccelerator
0x00007ff81ac4c000 	/System/Library/PrivateFrameworks/WatchdogClient.framework/Versions/A/WatchdogClient
0x00007ff80f67f000 	/System/Library/Frameworks/CoreDisplay.framework/Versions/A/CoreDisplay
0x00007ff817341000 	/System/Library/Frameworks/CoreMedia.framework/Versions/A/CoreMedia
0x00007ff8171d8000 	/System/Library/PrivateFrameworks/IOAccelerator.framework/Versions/A/IOAccelerator
0x00007ff8160de000 	/System/Library/Frameworks/CoreVideo.framework/Versions/A/CoreVideo
0x00007ff81983b000 	/System/Library/Frameworks/MetalPerformanceShaders.framework/Versions/A/MetalPerformanceShaders
0x00007ff81ac89000 	/System/Library/Frameworks/VideoToolbox.framework/Versions/A/VideoToolbox
0x00007ff8149e1000 	/System/Library/PrivateFrameworks/BaseBoard.framework/Versions/A/BaseBoard
0x00007ff81476b000 	/System/Library/PrivateFrameworks/ProtocolBuffer.framework/Versions/A/ProtocolBuffer
0x00007ff81b2cd000 	/System/Library/PrivateFrameworks/GPUWrangler.framework/Versions/A/GPUWrangler
0x00007ff81b2b1000 	/System/Library/PrivateFrameworks/IOPresentment.framework/Versions/A/IOPresentment
0x00007ff81b2d7000 	/System/Library/PrivateFrameworks/DSExternalDisplay.framework/Versions/A/DSExternalDisplay
0x00007ffa271a9000 	/System/Library/Frameworks/OpenGL.framework/Versions/A/Libraries/libCoreFSCache.dylib
0x00007ffb13c9d000 	/System/Library/PrivateFrameworks/GPUCompiler.framework/Versions/31001/Libraries/libGPUCompilerUtils.dylib
0x00007ff81b341000 	/System/Library/PrivateFrameworks/CMCaptureCore.framework/Versions/A/CMCaptureCore
0x00007ff81a852000 	/System/Library/PrivateFrameworks/AppServerSupport.framework/Versions/A/AppServerSupport
0x00007ff81cb0d000 	/System/Library/PrivateFrameworks/perfdata.framework/Versions/A/perfdata
0x00007ff80f7ab000 	/System/Library/PrivateFrameworks/AudioToolboxCore.framework/Versions/A/AudioToolboxCore
0x00007ff81731f000 	/System/Library/PrivateFrameworks/caulk.framework/Versions/A/caulk
0x00007ff81c41f000 	/usr/lib/libAudioStatistics.dylib
0x00007ff913d27000 	/System/Library/PrivateFrameworks/SystemPolicy.framework/Versions/A/SystemPolicy
0x00007ff81c67a000 	/usr/lib/libSMC.dylib
0x00007ff825597000 	/System/Library/Frameworks/CoreMIDI.framework/Versions/A/CoreMIDI
0x00007ff81b1fe000 	/usr/lib/libAudioToolboxUtility.dylib
0x00007ff90ff5c000 	/System/Library/PrivateFrameworks/OSAServicesClient.framework/Versions/A/OSAServicesClient
0x00007ff81cb1a000 	/usr/lib/libperfcheck.dylib
0x00007ff9147d1000 	/usr/lib/libmis.dylib
0x00007ffa27204000 	/System/Library/Frameworks/OpenGL.framework/Versions/A/Libraries/libGLU.dylib
0x00007ffa271c8000 	/System/Library/Frameworks/OpenGL.framework/Versions/A/Libraries/libGFXShared.dylib
0x00007ffa273d1000 	/System/Library/Frameworks/OpenGL.framework/Versions/A/Libraries/libGL.dylib
0x00007ffa271d1000 	/System/Library/Frameworks/OpenGL.framework/Versions/A/Libraries/libGLImage.dylib
0x00007ffa271c5000 	/System/Library/Frameworks/OpenGL.framework/Versions/A/Libraries/libCVMSPluginSupport.dylib
0x00007ffa271b0000 	/System/Library/Frameworks/OpenGL.framework/Versions/A/Libraries/libCoreVMClient.dylib
0x00007ff817e8b000 	/System/Library/Frameworks/MetalPerformanceShaders.framework/Versions/A/Frameworks/MPSCore.framework/Versions/A/MPSCore
0x00007ff8191cf000 	/System/Library/Frameworks/MetalPerformanceShaders.framework/Versions/A/Frameworks/MPSImage.framework/Versions/A/MPSImage
0x00007ff818c75000 	/System/Library/Frameworks/MetalPerformanceShaders.framework/Versions/A/Frameworks/MPSNeuralNetwork.framework/Versions/A/MPSNeuralNetwork
0x00007ff8190e9000 	/System/Library/Frameworks/MetalPerformanceShaders.framework/Versions/A/Frameworks/MPSMatrix.framework/Versions/A/MPSMatrix
0x00007ff818ea4000 	/System/Library/Frameworks/MetalPerformanceShaders.framework/Versions/A/Frameworks/MPSRayIntersector.framework/Versions/A/MPSRayIntersector
0x00007ff819121000 	/System/Library/Frameworks/MetalPerformanceShaders.framework/Versions/A/Frameworks/MPSNDArray.framework/Versions/A/MPSNDArray
0x00007ffa2c3cb000 	/System/Library/Frameworks/MetalPerformanceShaders.framework/Versions/A/Frameworks/MPSFunctions.framework/Versions/A/MPSFunctions
0x00007ff80eb74000 	/System/Library/PrivateFrameworks/MetalTools.framework/Versions/A/MetalTools
0x00007ff817f07000 	/System/Library/PrivateFrameworks/AggregateDictionary.framework/Versions/A/AggregateDictionary
0x00007ff81a08c000 	/usr/lib/libIOReport.dylib
0x00007ffa287e0000 	/System/Library/Frameworks/OpenCL.framework/Versions/A/OpenCL
0x00007ff81a3f0000 	/System/Library/PrivateFrameworks/FaceCore.framework/Versions/A/FaceCore
0x00007ff81a3e1000 	/System/Library/PrivateFrameworks/GraphVisualizer.framework/Versions/A/GraphVisualizer
0x00007ffb13ba8000 	/System/Library/PrivateFrameworks/FontServices.framework/Versions/A/FontServices
0x00007ff81a80a000 	/System/Library/PrivateFrameworks/OTSVG.framework/Versions/A/OTSVG
0x00007ff815cc5000 	/System/Library/Frameworks/ApplicationServices.framework/Versions/A/Frameworks/ATS.framework/Versions/A/Resources/libFontRegistry.dylib
0x00007ff81a85a000 	/System/Library/PrivateFrameworks/FontServices.framework/libhvf.dylib
0x00007ffb13ba9000 	/System/Library/PrivateFrameworks/FontServices.framework/libXTFontStaticRegistryData.dylib
0x00007ff81a25a000 	/System/Library/PrivateFrameworks/AppleVA.framework/Versions/A/AppleVA
0x00007ff81c43f000 	/System/Library/Frameworks/ApplicationServices.framework/Versions/A/Frameworks/ATS.framework/Versions/A/ATS
0x00007ff813e9e000 	/System/Library/Frameworks/ApplicationServices.framework/Versions/A/Frameworks/HIServices.framework/Versions/A/HIServices
0x00007ff81b34b000 	/System/Library/Frameworks/ApplicationServices.framework/Versions/A/Frameworks/PrintCore.framework/Versions/A/PrintCore
0x00007ff81c7cd000 	/System/Library/Frameworks/ApplicationServices.framework/Versions/A/Frameworks/QD.framework/Versions/A/QD
0x00007ff81c7c5000 	/System/Library/Frameworks/ApplicationServices.framework/Versions/A/Frameworks/ColorSyncLegacy.framework/Versions/A/ColorSyncLegacy
0x00007ff81c42f000 	/System/Library/Frameworks/ApplicationServices.framework/Versions/A/Frameworks/SpeechSynthesis.framework/Versions/A/SpeechSynthesis
0x00007ff81b30c000 	/System/Library/Frameworks/ApplicationServices.framework/Versions/A/Frameworks/ATSUI.framework/Versions/A/ATSUI
0x00007ff81c75a000 	/usr/lib/libcups.2.dylib
0x00007ff81cb29000 	/System/Library/Frameworks/Kerberos.framework/Versions/A/Kerberos
0x00007ff81cb38000 	/System/Library/Frameworks/GSS.framework/Versions/A/GSS
0x00007ff81c4ab000 	/usr/lib/libresolv.9.dylib
0x00007ff81a869000 	/System/Library/PrivateFrameworks/Heimdal.framework/Versions/A/Heimdal
0x00007ff82371a000 	/System/Library/Frameworks/Kerberos.framework/Versions/A/Libraries/libHeimdalProxy.dylib
0x00007ff814b6a000 	/System/Library/Frameworks/Network.framework/Versions/A/Network
0x00007ff81a2c4000 	/usr/lib/libheimdal-asn1.dylib
0x00007ff81cb83000 	/System/Library/PrivateFrameworks/CommonAuth.framework/Versions/A/CommonAuth
0x00007ff81c3b1000 	/System/Library/PrivateFrameworks/AudioSession.framework/Versions/A/AudioSession
0x00007ff81a354000 	/System/Library/PrivateFrameworks/MediaExperience.framework/Versions/A/MediaExperience
0x00007ff81c244000 	/System/Library/PrivateFrameworks/AudioSession.framework/libSessionUtility.dylib
0x00007ff81c7d9000 	/System/Library/PrivateFrameworks/AudioResourceArbitration.framework/Versions/A/AudioResourceArbitration
0x00007ff82085a000 	/System/Library/PrivateFrameworks/PowerLog.framework/Versions/A/PowerLog
0x00007ff81a2cd000 	/System/Library/PrivateFrameworks/IconFoundation.framework/Versions/A/IconFoundation
0x00007ff81f610000 	/System/Library/PrivateFrameworks/SpeechRecognitionCore.framework/Versions/A/SpeechRecognitionCore
0x000000010995d000 	/Library/Java/JavaVirtualMachines/jdk1.8.0_321.jdk/Contents/Home/jre/lib/server/libjvm.dylib
0x0000000108baa000 	/Library/Java/JavaVirtualMachines/jdk1.8.0_321.jdk/Contents/Home/jre/lib/libverify.dylib
0x0000000108c02000 	/Library/Java/JavaVirtualMachines/jdk1.8.0_321.jdk/Contents/Home/jre/lib/libjava.dylib
0x0000000108bdc000 	/Library/Java/JavaVirtualMachines/jdk1.8.0_321.jdk/Contents/Home/jre/lib/libzip.dylib
0x0000000125dc9000 	/Library/Java/JavaVirtualMachines/jdk1.8.0_321.jdk/Contents/Home/jre/lib/libprism_es2.dylib
0x00007ff810c42000 	/System/Library/PrivateFrameworks/CoreServicesInternal.framework/Versions/A/CoreServicesInternal
0x00007ffa273dc000 	/System/Library/Frameworks/OpenGL.framework/Versions/A/Resources/GLEngine.bundle/GLEngine
0x00007ffa27242000 	/System/Library/Frameworks/OpenGL.framework/Versions/A/Libraries/libGLProgrammability.dylib
0x00000001266e9000 	/System/Library/Extensions/AppleMetalOpenGLRenderer.bundle/Contents/MacOS/AppleMetalOpenGLRenderer
0x00007ffa27566000 	/System/Library/Frameworks/OpenGL.framework/Versions/A/Resources/GLRendererFloat.bundle/GLRendererFloat
0x00007ffa2937e000 	/System/Library/Extensions/AGXMetal13_3.bundle/Contents/MacOS/AGXMetal13_3
0x00007ff9147ec000 	/System/Library/PrivateFrameworks/GPURawCounter.framework/Versions/A/GPURawCounter
0x00007ff90f105000 	/System/Library/PrivateFrameworks/IOGPU.framework/Versions/A/IOGPU
0x0000000126a45000 	/Library/Java/JavaVirtualMachines/jdk1.8.0_321.jdk/Contents/Home/jre/lib/libglass.dylib
0x00007ff820e4b000 	/System/Library/Frameworks/FileProvider.framework/Versions/A/FileProvider
0x00007ff81494e000 	/System/Library/Frameworks/Accounts.framework/Versions/A/Accounts
0x00007ff820fc4000 	/System/Library/PrivateFrameworks/GenerationalStorage.framework/Versions/A/GenerationalStorage
0x00007ff821ad4000 	/System/Library/PrivateFrameworks/CoreSymbolication.framework/Versions/A/CoreSymbolication
0x00007ff82084f000 	/System/Library/PrivateFrameworks/SymptomDiagnosticReporter.framework/Versions/A/SymptomDiagnosticReporter
0x00007ff811f01000 	/System/Library/PrivateFrameworks/DesktopServicesPriv.framework/Versions/A/DesktopServicesPriv
0x00007ff810d81000 	/usr/lib/libsandbox.1.dylib
0x00007ff81615d000 	/System/Library/PrivateFrameworks/UserManagement.framework/Versions/A/UserManagement
0x00007ff821a99000 	/System/Library/PrivateFrameworks/DebugSymbols.framework/Versions/A/DebugSymbols
0x00007ff81c7ba000 	/System/Library/PrivateFrameworks/NetAuth.framework/Versions/A/NetAuth
0x00007ff81d6c9000 	/System/Library/PrivateFrameworks/Sharing.framework/Versions/A/Sharing
0x00007ff816130000 	/System/Library/PrivateFrameworks/login.framework/Versions/A/Frameworks/loginsupport.framework/Versions/A/loginsupport
0x00007ff822c37000 	/System/Library/PrivateFrameworks/Apple80211.framework/Versions/A/Apple80211
0x00007ff8192b4000 	/System/Library/PrivateFrameworks/AuthKit.framework/Versions/A/AuthKit
0x00007ff818909000 	/System/Library/PrivateFrameworks/CoreUtils.framework/Versions/A/CoreUtils
0x00007ff818830000 	/System/Library/Frameworks/CoreWLAN.framework/Versions/A/CoreWLAN
0x00007ff81d828000 	/System/Library/Frameworks/IOBluetooth.framework/Versions/A/IOBluetooth
0x00007ff822c9f000 	/System/Library/PrivateFrameworks/CoreWiFi.framework/Versions/A/CoreWiFi
0x00007ff82166e000 	/System/Library/PrivateFrameworks/FrontBoardServices.framework/Versions/A/FrontBoardServices
0x00007ff8216ff000 	/System/Library/PrivateFrameworks/BoardServices.framework/Versions/A/BoardServices
0x00007ff818b18000 	/System/Library/PrivateFrameworks/AssertionServices.framework/Versions/A/AssertionServices
0x00007ff822e22000 	/System/Library/PrivateFrameworks/BackBoardServices.framework/Versions/A/BackBoardServices
0x00007ff81cc14000 	/System/Library/PrivateFrameworks/CorePhoneNumbers.framework/Versions/A/CorePhoneNumbers
0x00007ff81c4d8000 	/System/Library/PrivateFrameworks/MultiverseSupport.framework/Versions/A/MultiverseSupport
0x00007ff823095000 	/System/Library/PrivateFrameworks/RemoteServiceDiscovery.framework/Versions/A/RemoteServiceDiscovery
0x00007ff82096c000 	/System/Library/PrivateFrameworks/DiskManagement.framework/Versions/A/DiskManagement
0x00007ff820880000 	/System/Library/PrivateFrameworks/AppleIDAuthSupport.framework/Versions/A/AppleIDAuthSupport
0x00007ffb0e53f000 	/System/Library/PrivateFrameworks/AAAFoundation.framework/Versions/A/AAAFoundation
0x00007ff81cbf5000 	/System/Library/PrivateFrameworks/KeychainCircle.framework/Versions/A/KeychainCircle
0x00007ff8230a5000 	/System/Library/PrivateFrameworks/RemoteXPC.framework/Versions/A/RemoteXPC
0x00007ff820938000 	/System/Library/PrivateFrameworks/MediaKit.framework/Versions/A/MediaKit
0x00007ff82088c000 	/System/Library/Frameworks/DiscRecording.framework/Versions/A/DiscRecording
0x00007ff81a1d2000 	/usr/lib/libCoreStorage.dylib
0x00007ff823110000 	/usr/lib/libcsfde.dylib
0x00007ff81d8f5000 	/System/Library/PrivateFrameworks/ProtectedCloudStorage.framework/Versions/A/ProtectedCloudStorage
0x00007ff82310c000 	/System/Library/PrivateFrameworks/EFILogin.framework/Versions/A/EFILogin
0x00007ff820fea000 	/System/Library/PrivateFrameworks/OctagonTrust.framework/Versions/A/OctagonTrust
0x00007ffb12e0b000 	/System/Library/PrivateFrameworks/CoreUtilsExtras.framework/Versions/A/CoreUtilsExtras
0x00007ff8207b3000 	/System/Library/Frameworks/CoreBluetooth.framework/Versions/A/CoreBluetooth
0x00007ff82379f000 	/System/Library/Frameworks/AudioUnit.framework/Versions/A/AudioUnit
0x00007ff81a1ca000 	/usr/lib/libMatch.1.dylib
0x00007ff918de3000 	/System/Library/Frameworks/Accelerate.framework/Versions/A/Frameworks/vImage.framework/Versions/A/Libraries/libCGInterfaces.dylib
0x0000000127d8b000 	/usr/lib/libobjc-trampolines.dylib
0x00007ff815e55000 	/System/Library/PrivateFrameworks/ViewBridge.framework/Versions/A/ViewBridge
0x00007ffb26668000 	/usr/lib/libRosetta.dylib
0x00000001265ef000 	/Library/Java/JavaVirtualMachines/jdk1.8.0_321.jdk/Contents/Home/jre/lib/libnet.dylib
0x000000012a103000 	/Library/Java/JavaVirtualMachines/jdk1.8.0_321.jdk/Contents/Home/jre/lib/libsunec.dylib
0x000000012a185000 	/Library/Java/JavaVirtualMachines/jdk1.8.0_321.jdk/Contents/Home/jre/lib/libnio.dylib
0x000000012a794000 	/Library/Java/JavaVirtualMachines/jdk1.8.0_321.jdk/Contents/Home/jre/lib/libjavafx_font.dylib
0x00007ff81a920000 	/System/Library/PrivateFrameworks/login.framework/Versions/A/login
0x000000012c11f000 	/Library/Java/JavaVirtualMachines/jdk1.8.0_321.jdk/Contents/Home/jre/lib/libprism_common.dylib
0x000000012d084000 	/Library/Java/JavaVirtualMachines/jdk1.8.0_321.jdk/Contents/Home/jre/lib/libawt.dylib
0x000000012d27d000 	/Library/Java/JavaVirtualMachines/jdk1.8.0_321.jdk/Contents/Home/jre/lib/libmlib_image.dylib
0x00007ffa2c328000 	/System/Library/Frameworks/JavaNativeFoundation.framework/Versions/A/JavaNativeFoundation
0x00007ffa2c334000 	/System/Library/Frameworks/JavaRuntimeSupport.framework/Versions/A/JavaRuntimeSupport
0x00007ff91384b000 	/System/Library/Frameworks/Carbon.framework/Versions/A/Carbon
0x00007ff827036000 	/System/Library/Frameworks/Carbon.framework/Versions/A/Frameworks/CommonPanels.framework/Versions/A/CommonPanels
0x00007ff823108000 	/System/Library/Frameworks/Carbon.framework/Versions/A/Frameworks/Help.framework/Versions/A/Help
0x00007ff82703a000 	/System/Library/Frameworks/Carbon.framework/Versions/A/Frameworks/ImageCapture.framework/Versions/A/ImageCapture
0x00007ff82700a000 	/System/Library/Frameworks/Carbon.framework/Versions/A/Frameworks/OpenScripting.framework/Versions/A/OpenScripting
0x00007ff827032000 	/System/Library/Frameworks/Carbon.framework/Versions/A/Frameworks/Ink.framework/Versions/A/Ink
0x00007ff913847000 	/System/Library/Frameworks/Carbon.framework/Versions/A/Frameworks/Print.framework/Versions/A/Print
0x00007ff82702e000 	/System/Library/Frameworks/Carbon.framework/Versions/A/Frameworks/SecurityHI.framework/Versions/A/SecurityHI
0x000000012d41f000 	/Library/Java/JavaVirtualMachines/jdk1.8.0_321.jdk/Contents/Home/jre/lib/libawt_lwawt.dylib
0x000000012d028000 	/Library/Java/JavaVirtualMachines/jdk1.8.0_321.jdk/Contents/Home/jre/lib/libosxapp.dylib
0x00007ff912b1d000 	/System/Library/Frameworks/ExceptionHandling.framework/Versions/A/ExceptionHandling
0x000000012d7ae000 	/Library/Java/JavaVirtualMachines/jdk1.8.0_321.jdk/Contents/Home/jre/lib/libfontmanager.dylib
0x000000012d1ff000 	/Library/Java/JavaVirtualMachines/jdk1.8.0_321.jdk/Contents/Home/jre/lib/libosxui.dylib

VM Arguments:
jvm_args: -Dfile.encoding=UTF-8 -Dstdout.encoding=UTF-8 -Dstderr.encoding=UTF-8 
java_command: user.Loginpage
java_class_path (initial): /Users/francisbernardo/Desktop/ShelfLife/bin:/Users/francisbernardo/Downloads/mysql-connector-j-8.3.0/mysql-connector-j-8.3.0.jar
Launcher Type: SUN_STANDARD

Environment Variables:
PATH=/usr/bin:/bin:/usr/sbin:/sbin
SHELL=/bin/zsh

Signal Handlers:
SIGSEGV: [libjvm.dylib+0x59cd83], sa_mask[0]=11111111111111111111111111111111, sa_flags=SA_ONSTACK|SA_RESTART|SA_SIGINFO
SIGBUS: [libjvm.dylib+0x59cd83], sa_mask[0]=11111111111111111111111111111111, sa_flags=SA_RESTART|SA_SIGINFO
SIGFPE: [libjvm.dylib+0x59cd83], sa_mask[0]=11111111111111111111111111111111, sa_flags=SA_RESTART|SA_SIGINFO
SIGPIPE: [libjvm.dylib+0x4905a7], sa_mask[0]=11111111111111111111111111111111, sa_flags=SA_RESTART|SA_SIGINFO
SIGXFSZ: [libjvm.dylib+0x4905a7], sa_mask[0]=11111111111111111111111111111111, sa_flags=SA_RESTART|SA_SIGINFO
SIGILL: [libjvm.dylib+0x59cd83], sa_mask[0]=11111111111111111111111111111111, sa_flags=SA_RESTART|SA_SIGINFO
SIGUSR1: SIG_DFL, sa_mask[0]=00000000000000000000000000000000, sa_flags=none
SIGUSR2: [libjvm.dylib+0x490ea2], sa_mask[0]=00100000000000000000000000000000, sa_flags=SA_RESTART|SA_SIGINFO
SIGHUP: [libjvm.dylib+0x48f0e7], sa_mask[0]=11111111111111111111111111111111, sa_flags=SA_RESTART|SA_SIGINFO
SIGINT: [libjvm.dylib+0x48f0e7], sa_mask[0]=11111111111111111111111111111111, sa_flags=SA_RESTART|SA_SIGINFO
SIGTERM: [libjvm.dylib+0x48f0e7], sa_mask[0]=11111111111111111111111111111111, sa_flags=SA_RESTART|SA_SIGINFO
SIGQUIT: [libjvm.dylib+0x48f0e7], sa_mask[0]=11111111111111111111111111111111, sa_flags=SA_RESTART|SA_SIGINFO


---------------  S Y S T E M  ---------------

OS:Bsduname:Darwin 21.5.0 Darwin Kernel Version 21.5.0: Tue Apr 26 21:08:29 PDT 2022; root:xnu-8020.121.3~4/RELEASE_ARM64_T8101 x86_64
rlimit: STACK 8176k, CORE 0k, NPROC 2666, NOFILE 10240, AS infinity
load average:1.74 1.78 2.02

CPU:total 8 (initial active 8) (1 cores per cpu, 1 threads per core) family 6 model 44 stepping 0, cmov, cx8, fxsr, mmx, sse, sse2, sse3, ssse3, sse4.1, sse4.2, popcnt, aes, clmul, tsc, tscinvbit, tscinv

Memory: 4k page, physical 16777216k(19764k free)

/proc/meminfo:


vm_info: Java HotSpot(TM) 64-Bit Server VM (25.321-b07) for bsd-amd64 JRE (1.8.0_321-b07), built on Dec 15 2021 19:12:29 by "java_re" with gcc 4.2.1 Compatible Apple LLVM 11.0.0 (clang-1100.0.33.17)

time: Tue Mar 19 17:13:36 2024
timezone: EDT
elapsed time: 6.516873 seconds (0d 0h 0m 6s)

